<?xml version="1.0" encoding="UTF-8"?>
<TestRun id="72ef006f-5272-47b5-8530-5e7b3c51e3ec" name="SISTEMA@DELL 2015-09-10 08:08:21" runUser="AUTORIDADE NT\SISTEMA" xmlns="http://microsoft.com/schemas/VisualStudio/TeamTest/2010">
  <Times creation="2015-09-10T08:08:21.6893586-03:00" queuing="2015-09-10T08:08:21.6963579-03:00" start="2015-09-10T08:08:21.7143642-03:00" finish="2015-09-10T08:08:21.8824197-03:00" />
  <TestSettings name="default" id="c1d18eb6-6216-4375-ba34-f8942ba00e1a">
    <Execution>
      <TestTypeSpecific />
    </Execution>
    <Deployment runDeploymentRoot="SISTEMA_DELL 2015-09-10 08_08_21" />
    <Properties />
  </TestSettings>
  <Results>
    <UnitTestResult executionId="484e004b-1446-47a7-a360-333476c38e54" testId="b66f5fe3-3ff3-65d9-6865-59db140e52cd" testName="TestarCalculoPIS" computerName="DELL" duration="00:00:00.0140907" startTime="2015-09-10T08:08:19.2365757-03:00" endTime="2015-09-10T08:08:19.6887191-03:00" testType="13cdc9d9-ddb5-4fa4-a97d-d965ccfc6d4b" outcome="Passed" testListId="8c84fa94-04c1-424b-9868-57a2d4851a1d" relativeResultsDirectory="484e004b-1446-47a7-a360-333476c38e54" />
    <UnitTestResult executionId="7f0a3ffb-76e2-4d9c-82f2-eef29b3a9614" testId="5d41d477-82ce-1982-c789-360138f7e201" testName="TestarCalculoCOFINS" computerName="DELL" duration="00:00:00.0001596" startTime="2015-09-10T08:08:19.7017230-03:00" endTime="2015-09-10T08:08:19.7027230-03:00" testType="13cdc9d9-ddb5-4fa4-a97d-d965ccfc6d4b" outcome="Passed" testListId="8c84fa94-04c1-424b-9868-57a2d4851a1d" relativeResultsDirectory="7f0a3ffb-76e2-4d9c-82f2-eef29b3a9614" />
    <UnitTestResult executionId="4dba4c39-8d7f-4359-b2dd-fd4f8ad62a4e" testId="c3d156cf-e3a7-60a7-bbab-26068e747d27" testName="TestarCalculoIRPJ" computerName="DELL" duration="00:00:00.0001232" startTime="2015-09-10T08:08:19.7027230-03:00" endTime="2015-09-10T08:08:19.7027230-03:00" testType="13cdc9d9-ddb5-4fa4-a97d-d965ccfc6d4b" outcome="Passed" testListId="8c84fa94-04c1-424b-9868-57a2d4851a1d" relativeResultsDirectory="4dba4c39-8d7f-4359-b2dd-fd4f8ad62a4e" />
    <UnitTestResult executionId="def40b53-7da4-423f-b2b0-268408d9b32b" testId="25072b60-9c6c-56fc-929d-ad90050610a4" testName="TestarCalculoCSLL" computerName="DELL" duration="00:00:00.0001228" startTime="2015-09-10T08:08:19.7027230-03:00" endTime="2015-09-10T08:08:19.7027230-03:00" testType="13cdc9d9-ddb5-4fa4-a97d-d965ccfc6d4b" outcome="Passed" testListId="8c84fa94-04c1-424b-9868-57a2d4851a1d" relativeResultsDirectory="def40b53-7da4-423f-b2b0-268408d9b32b" />
  </Results>
  <TestDefinitions>
    <UnitTest name="TestarCalculoPIS" storage="c:\users\note\documents\github\engsoftteste\testenf\testenf.utils.unittesting\bin\release\testenf.utils.unittesting.dll" id="b66f5fe3-3ff3-65d9-6865-59db140e52cd">
      <Execution id="484e004b-1446-47a7-a360-333476c38e54" />
      <TestMethod codeBase="C:\Users\Note\Documents\GitHub\EngSoftTeste\TesteNF\TesteNF.Utils.UnitTesting\bin\Release\TesteNF.Utils.UnitTesting.dll" adapterTypeName="Microsoft.VisualStudio.TestTools.TestTypes.Unit.UnitTestAdapter" className="TesteNF.Utils.UnitTesting.TributacaoHelperTeste01" name="TestarCalculoPIS" />
    </UnitTest>
    <UnitTest name="TestarCalculoCOFINS" storage="c:\users\note\documents\github\engsoftteste\testenf\testenf.utils.unittesting\bin\release\testenf.utils.unittesting.dll" id="5d41d477-82ce-1982-c789-360138f7e201">
      <Execution id="7f0a3ffb-76e2-4d9c-82f2-eef29b3a9614" />
      <TestMethod codeBase="C:\Users\Note\Documents\GitHub\EngSoftTeste\TesteNF\TesteNF.Utils.UnitTesting\bin\Release\TesteNF.Utils.UnitTesting.dll" adapterTypeName="Microsoft.VisualStudio.TestTools.TestTypes.Unit.UnitTestAdapter" className="TesteNF.Utils.UnitTesting.TributacaoHelperTeste01" name="TestarCalculoCOFINS" />
    </UnitTest>
    <UnitTest name="TestarCalculoIRPJ" storage="c:\users\note\documents\github\engsoftteste\testenf\testenf.utils.unittesting\bin\release\testenf.utils.unittesting.dll" id="c3d156cf-e3a7-60a7-bbab-26068e747d27">
      <Execution id="4dba4c39-8d7f-4359-b2dd-fd4f8ad62a4e" />
      <TestMethod codeBase="C:\Users\Note\Documents\GitHub\EngSoftTeste\TesteNF\TesteNF.Utils.UnitTesting\bin\Release\TesteNF.Utils.UnitTesting.dll" adapterTypeName="Microsoft.VisualStudio.TestTools.TestTypes.Unit.UnitTestAdapter" className="TesteNF.Utils.UnitTesting.TributacaoHelperTeste01" name="TestarCalculoIRPJ" />
    </UnitTest>
    <UnitTest name="TestarCalculoCSLL" storage="c:\users\note\documents\github\engsoftteste\testenf\testenf.utils.unittesting\bin\release\testenf.utils.unittesting.dll" id="25072b60-9c6c-56fc-929d-ad90050610a4">
      <Execution id="def40b53-7da4-423f-b2b0-268408d9b32b" />
      <TestMethod codeBase="C:\Users\Note\Documents\GitHub\EngSoftTeste\TesteNF\TesteNF.Utils.UnitTesting\bin\Release\TesteNF.Utils.UnitTesting.dll" adapterTypeName="Microsoft.VisualStudio.TestTools.TestTypes.Unit.UnitTestAdapter" className="TesteNF.Utils.UnitTesting.TributacaoHelperTeste01" name="TestarCalculoCSLL" />
    </UnitTest>
  </TestDefinitions>
  <TestEntries>
    <TestEntry testId="b66f5fe3-3ff3-65d9-6865-59db140e52cd" executionId="484e004b-1446-47a7-a360-333476c38e54" testListId="8c84fa94-04c1-424b-9868-57a2d4851a1d" />
    <TestEntry testId="5d41d477-82ce-1982-c789-360138f7e201" executionId="7f0a3ffb-76e2-4d9c-82f2-eef29b3a9614" testListId="8c84fa94-04c1-424b-9868-57a2d4851a1d" />
    <TestEntry testId="c3d156cf-e3a7-60a7-bbab-26068e747d27" executionId="4dba4c39-8d7f-4359-b2dd-fd4f8ad62a4e" testListId="8c84fa94-04c1-424b-9868-57a2d4851a1d" />
    <TestEntry testId="25072b60-9c6c-56fc-929d-ad90050610a4" executionId="def40b53-7da4-423f-b2b0-268408d9b32b" testListId="8c84fa94-04c1-424b-9868-57a2d4851a1d" />
  </TestEntries>
  <TestLists>
    <TestList name="Results Not in a List" id="8c84fa94-04c1-424b-9868-57a2d4851a1d" />
    <TestList name="All Loaded Results" id="19431567-8539-422a-85d7-44ee4e166bda" />
  </TestLists>
  <ResultSummary outcome="Completed">
    <Counters total="4" executed="4" passed="4" failed="0" error="0" timeout="0" aborted="0" inconclusive="0" passedButRunAborted="0" notRunnable="0" notExecuted="0" disconnected="0" warning="0" completed="0" inProgress="0" pending="0" />
  </ResultSummary>
</TestRun>